#
# There is insufficient memory for the Java Runtime Environment to continue.
# Native memory allocation (malloc) failed to allocate 94368 bytes for Chunk::new
# Possible reasons:
#   The system is out of physical RAM or swap space
#   The process is running with CompressedOops enabled, and the Java Heap may be blocking the growth of the native heap
# Possible solutions:
#   Reduce memory load on the system
#   Increase physical memory or swap space
#   Check if swap backing store is full
#   Decrease Java heap size (-Xmx/-Xms)
#   Decrease number of Java threads
#   Decrease Java thread stack sizes (-Xss)
#   Set larger code cache with -XX:ReservedCodeCacheSize=
#   JVM is running with Unscaled Compressed Oops mode in which the Java heap is
#     placed in the first 4GB address space. The Java Heap base address is the
#     maximum limit for the native heap growth. Please use -XX:HeapBaseMinAddress
#     to set the Java Heap base and to place the Java Heap above 4GB virtual address.
# This output file may be truncated or incomplete.
#
#  Out of Memory Error (./src/hotspot/share/memory/arena.cpp:197), pid=12644, tid=14692
#
# JRE version: OpenJDK Runtime Environment (11.0.10) (build 11.0.10+0-b96-7249189)
# Java VM: OpenJDK 64-Bit Server VM (11.0.10+0-b96-7249189, mixed mode, tiered, compressed oops, g1 gc, windows-amd64)
# No core dump will be written. Minidumps are not enabled by default on client versions of Windows
#

---------------  S U M M A R Y ------------

Command Line: --add-opens=java.base/java.util=ALL-UNNAMED --add-opens=java.base/java.lang=ALL-UNNAMED --add-opens=java.base/java.lang.invoke=ALL-UNNAMED --add-opens=java.base/java.util=ALL-UNNAMED --add-opens=java.prefs/java.util.prefs=ALL-UNNAMED --add-opens=java.prefs/java.util.prefs=ALL-UNNAMED --add-opens=java.base/java.nio.charset=ALL-UNNAMED --add-opens=java.base/java.net=ALL-UNNAMED --add-opens=java.base/java.util.concurrent.atomic=ALL-UNNAMED -Xmx1536M -Dfile.encoding=windows-1252 -Duser.country=US -Duser.language=en -Duser.variant org.gradle.launcher.daemon.bootstrap.GradleDaemon 7.5

Host: Intel(R) Core(TM) i5-4570 CPU @ 3.20GHz, 4 cores, 11G,  Windows 10 , 64 bit Build 19041 (10.0.19041.3393)
Time: Thu Sep 14 03:18:54 2023 Pacific Daylight Time elapsed time: 4.160072 seconds (0d 0h 0m 4s)

---------------  T H R E A D  ---------------

Current thread (0x000001ea11c8d000):  JavaThread "C2 CompilerThread1" daemon [_thread_in_native, id=14692, stack(0x0000008bd5700000,0x0000008bd5800000)]


Current CompileTask:
C2:   4160 2063       4       java.net.URLClassLoader$1::run (5 bytes)

Stack: [0x0000008bd5700000,0x0000008bd5800000]
Native frames: (J=compiled Java code, j=interpreted, Vv=VM code, C=native code)
V  [jvm.dll+0x5ecfaa]
V  [jvm.dll+0x722bd5]
V  [jvm.dll+0x72412d]
V  [jvm.dll+0x7247e3]
V  [jvm.dll+0x242928]
V  [jvm.dll+0xbc4fc]
V  [jvm.dll+0xbca0c]
V  [jvm.dll+0xbc608]
V  [jvm.dll+0x648abc]
V  [jvm.dll+0x50d28c]
V  [jvm.dll+0x673a00]
V  [jvm.dll+0x672ab4]
V  [jvm.dll+0x5168e3]
V  [jvm.dll+0x506524]
V  [jvm.dll+0x203253]
V  [jvm.dll+0x1fd07c]
V  [jvm.dll+0x1fa77f]
V  [jvm.dll+0x18354c]
V  [jvm.dll+0x208ee7]
V  [jvm.dll+0x207731]
V  [jvm.dll+0x6eb1cf]
V  [jvm.dll+0x6e3d45]
V  [jvm.dll+0x5ebe96]
C  [ucrtbase.dll+0x21bb2]
C  [KERNEL32.DLL+0x17344]
C  [ntdll.dll+0x526b1]


---------------  P R O C E S S  ---------------

Threads class SMR info:
_java_thread_list=0x000001ea12954050, length=24, elements={
0x000001ea763de800, 0x000001ea7fcf5000, 0x000001ea7fcfb000, 0x000001ea0f851800,
0x000001ea0f857800, 0x000001ea0f859000, 0x000001ea0f85d000, 0x000001ea0f85e800,
0x000001ea0f864000, 0x000001ea0f9d1800, 0x000001ea11233800, 0x000001ea115a8000,
0x000001ea0fcbc800, 0x000001ea1127a800, 0x000001ea11873000, 0x000001ea11885800,
0x000001ea11898800, 0x000001ea117c9000, 0x000001ea10df3800, 0x000001ea1134f000,
0x000001ea1134d800, 0x000001ea11351000, 0x000001ea11351800, 0x000001ea11c8d000
}

Java Threads: ( => current thread )
  0x000001ea763de800 JavaThread "main" [_thread_blocked, id=12220, stack(0x0000008bd3500000,0x0000008bd3600000)]
  0x000001ea7fcf5000 JavaThread "Reference Handler" daemon [_thread_blocked, id=8492, stack(0x0000008bd3d00000,0x0000008bd3e00000)]
  0x000001ea7fcfb000 JavaThread "Finalizer" daemon [_thread_blocked, id=1432, stack(0x0000008bd3e00000,0x0000008bd3f00000)]
  0x000001ea0f851800 JavaThread "Signal Dispatcher" daemon [_thread_blocked, id=1264, stack(0x0000008bd3f00000,0x0000008bd4000000)]
  0x000001ea0f857800 JavaThread "Attach Listener" daemon [_thread_blocked, id=7444, stack(0x0000008bd4000000,0x0000008bd4100000)]
  0x000001ea0f859000 JavaThread "Service Thread" daemon [_thread_blocked, id=14516, stack(0x0000008bd4100000,0x0000008bd4200000)]
  0x000001ea0f85d000 JavaThread "C2 CompilerThread0" daemon [_thread_in_native, id=3964, stack(0x0000008bd4200000,0x0000008bd4300000)]
  0x000001ea0f85e800 JavaThread "C1 CompilerThread0" daemon [_thread_blocked, id=12912, stack(0x0000008bd4300000,0x0000008bd4400000)]
  0x000001ea0f864000 JavaThread "Sweeper thread" daemon [_thread_blocked, id=14208, stack(0x0000008bd4400000,0x0000008bd4500000)]
  0x000001ea0f9d1800 JavaThread "Common-Cleaner" daemon [_thread_blocked, id=15212, stack(0x0000008bd4500000,0x0000008bd4600000)]
  0x000001ea11233800 JavaThread "Daemon health stats" [_thread_blocked, id=15292, stack(0x0000008bd4b00000,0x0000008bd4c00000)]
  0x000001ea115a8000 JavaThread "Incoming local TCP Connector on port 59878" [_thread_in_native, id=6260, stack(0x0000008bd4700000,0x0000008bd4800000)]
  0x000001ea0fcbc800 JavaThread "Daemon periodic checks" [_thread_blocked, id=15008, stack(0x0000008bd4c00000,0x0000008bd4d00000)]
  0x000001ea1127a800 JavaThread "Daemon" [_thread_blocked, id=12452, stack(0x0000008bd4d00000,0x0000008bd4e00000)]
  0x000001ea11873000 JavaThread "Handler for socket connection from /127.0.0.1:59878 to /127.0.0.1:59879" [_thread_in_native, id=1240, stack(0x0000008bd4e00000,0x0000008bd4f00000)]
  0x000001ea11885800 JavaThread "Cancel handler" [_thread_blocked, id=2012, stack(0x0000008bd4f00000,0x0000008bd5000000)]
  0x000001ea11898800 JavaThread "Daemon worker" [_thread_in_Java, id=14260, stack(0x0000008bd5000000,0x0000008bd5100000)]
  0x000001ea117c9000 JavaThread "Asynchronous log dispatcher for DefaultDaemonConnection: socket connection from /127.0.0.1:59878 to /127.0.0.1:59879" [_thread_blocked, id=4272, stack(0x0000008bd5100000,0x0000008bd5200000)]
  0x000001ea10df3800 JavaThread "Stdin handler" [_thread_blocked, id=1884, stack(0x0000008bd5200000,0x0000008bd5300000)]
  0x000001ea1134f000 JavaThread "Daemon client event forwarder" [_thread_blocked, id=14492, stack(0x0000008bd5300000,0x0000008bd5400000)]
  0x000001ea1134d800 JavaThread "Cache worker for journal cache (C:\Users\7skiessolutions\.gradle\caches\journal-1)" [_thread_blocked, id=6364, stack(0x0000008bd5400000,0x0000008bd5500000)]
  0x000001ea11351000 JavaThread "File lock request listener" [_thread_in_native, id=14360, stack(0x0000008bd5500000,0x0000008bd5600000)]
  0x000001ea11351800 JavaThread "Cache worker for file hash cache (C:\Users\7skiessolutions\.gradle\caches\7.5\fileHashes)" [_thread_blocked, id=2980, stack(0x0000008bd5600000,0x0000008bd5700000)]
=>0x000001ea11c8d000 JavaThread "C2 CompilerThread1" daemon [_thread_in_native, id=14692, stack(0x0000008bd5700000,0x0000008bd5800000)]

Other Threads:
  0x000001ea7fcf0000 VMThread "VM Thread" [stack: 0x0000008bd3c00000,0x0000008bd3d00000] [id=14920]
  0x000001ea0f9f1800 WatcherThread [stack: 0x0000008bd4600000,0x0000008bd4700000] [id=14304]
  0x000001ea763f5000 GCTaskThread "GC Thread#0" [stack: 0x0000008bd3700000,0x0000008bd3800000] [id=1076]
  0x000001ea103ea800 GCTaskThread "GC Thread#1" [stack: 0x0000008bd4800000,0x0000008bd4900000] [id=12672]
  0x000001ea0fc6d800 GCTaskThread "GC Thread#2" [stack: 0x0000008bd4900000,0x0000008bd4a00000] [id=1420]
  0x000001ea101c2800 GCTaskThread "GC Thread#3" [stack: 0x0000008bd4a00000,0x0000008bd4b00000] [id=14548]
  0x000001ea7641c000 ConcurrentGCThread "G1 Main Marker" [stack: 0x0000008bd3800000,0x0000008bd3900000] [id=11080]
  0x000001ea7641d800 ConcurrentGCThread "G1 Conc#0" [stack: 0x0000008bd3900000,0x0000008bd3a00000] [id=13084]
  0x000001ea764ae800 ConcurrentGCThread "G1 Refine#0" [stack: 0x0000008bd3a00000,0x0000008bd3b00000] [id=5304]
  0x000001ea7fb33000 ConcurrentGCThread "G1 Young RemSet Sampling" [stack: 0x0000008bd3b00000,0x0000008bd3c00000] [id=13576]

Threads with active compile tasks:
C2 CompilerThread0   4210 2062   !   4       java.net.URLClassLoader$1::run (63 bytes)
C2 CompilerThread1   4210 2063       4       java.net.URLClassLoader$1::run (5 bytes)

VM state:not at safepoint (normal execution)

VM Mutex/Monitor currently owned by a thread: None

Heap address: 0x00000000a0000000, size: 1536 MB, Compressed Oops mode: 32-bit
Narrow klass base: 0x0000000000000000, Narrow klass shift: 3
Compressed class space size: 1073741824 Address: 0x0000000100000000

Heap:
 garbage-first heap   total 196608K, used 24894K [0x00000000a0000000, 0x0000000100000000)
  region size 1024K, 9 young (9216K), 1 survivors (1024K)
 Metaspace       used 23500K, capacity 24030K, committed 24112K, reserved 1071104K
  class space    used 2970K, capacity 3147K, committed 3200K, reserved 1048576K
Heap Regions: E=young(eden), S=young(survivor), O=old, HS=humongous(starts), HC=humongous(continues), CS=collection set, F=free, A=archive, TAMS=top-at-mark-start (previous, next)
|   0|0x00000000a0000000, 0x00000000a0100000, 0x00000000a0100000|100%|HS|  |TAMS 0x00000000a0100000, 0x00000000a0000000| Complete 
|   1|0x00000000a0100000, 0x00000000a0200000, 0x00000000a0200000|100%|HC|  |TAMS 0x00000000a0200000, 0x00000000a0100000| Complete 
|   2|0x00000000a0200000, 0x00000000a0300000, 0x00000000a0300000|100%|HC|  |TAMS 0x00000000a0300000, 0x00000000a0200000| Complete 
|   3|0x00000000a0300000, 0x00000000a0400000, 0x00000000a0400000|100%| O|  |TAMS 0x00000000a0400000, 0x00000000a0300000| Untracked 
|   4|0x00000000a0400000, 0x00000000a0500000, 0x00000000a0500000|100%| O|  |TAMS 0x00000000a04b9c00, 0x00000000a0400000| Untracked 
|   5|0x00000000a0500000, 0x00000000a0600000, 0x00000000a0600000|100%| O|  |TAMS 0x00000000a0500000, 0x00000000a0500000| Untracked 
|   6|0x00000000a0600000, 0x00000000a0700000, 0x00000000a0700000|100%| O|  |TAMS 0x00000000a0600000, 0x00000000a0600000| Untracked 
|   7|0x00000000a0700000, 0x00000000a0800000, 0x00000000a0800000|100%| O|  |TAMS 0x00000000a0700000, 0x00000000a0700000| Untracked 
|   8|0x00000000a0800000, 0x00000000a0900000, 0x00000000a0900000|100%| O|  |TAMS 0x00000000a0800000, 0x00000000a0800000| Untracked 
|   9|0x00000000a0900000, 0x00000000a0a00000, 0x00000000a0a00000|100%| O|  |TAMS 0x00000000a0900000, 0x00000000a0900000| Untracked 
|  10|0x00000000a0a00000, 0x00000000a0b00000, 0x00000000a0b00000|100%| O|  |TAMS 0x00000000a0a00000, 0x00000000a0a00000| Untracked 
|  11|0x00000000a0b00000, 0x00000000a0c00000, 0x00000000a0c00000|100%| O|  |TAMS 0x00000000a0b00000, 0x00000000a0b00000| Untracked 
|  12|0x00000000a0c00000, 0x00000000a0d00000, 0x00000000a0d00000|100%| O|  |TAMS 0x00000000a0c00000, 0x00000000a0c00000| Untracked 
|  13|0x00000000a0d00000, 0x00000000a0e00000, 0x00000000a0e00000|100%| O|  |TAMS 0x00000000a0d00000, 0x00000000a0d00000| Untracked 
|  14|0x00000000a0e00000, 0x00000000a0f00000, 0x00000000a0f00000|100%| O|  |TAMS 0x00000000a0e00000, 0x00000000a0e00000| Untracked 
|  15|0x00000000a0f00000, 0x00000000a1000000, 0x00000000a1000000|100%| O|  |TAMS 0x00000000a0f00000, 0x00000000a0f00000| Untracked 
|  16|0x00000000a1000000, 0x00000000a104f800, 0x00000000a1100000| 31%| O|  |TAMS 0x00000000a1000000, 0x00000000a1000000| Untracked 
|  17|0x00000000a1100000, 0x00000000a1100000, 0x00000000a1200000|  0%| F|  |TAMS 0x00000000a1100000, 0x00000000a1100000| Untracked 
|  18|0x00000000a1200000, 0x00000000a1200000, 0x00000000a1300000|  0%| F|  |TAMS 0x00000000a1200000, 0x00000000a1200000| Untracked 
|  19|0x00000000a1300000, 0x00000000a1300000, 0x00000000a1400000|  0%| F|  |TAMS 0x00000000a1300000, 0x00000000a1300000| Untracked 
|  20|0x00000000a1400000, 0x00000000a1400000, 0x00000000a1500000|  0%| F|  |TAMS 0x00000000a1400000, 0x00000000a1400000| Untracked 
|  21|0x00000000a1500000, 0x00000000a1500000, 0x00000000a1600000|  0%| F|  |TAMS 0x00000000a1500000, 0x00000000a1500000| Untracked 
|  22|0x00000000a1600000, 0x00000000a1600000, 0x00000000a1700000|  0%| F|  |TAMS 0x00000000a1600000, 0x00000000a1600000| Untracked 
|  23|0x00000000a1700000, 0x00000000a1700000, 0x00000000a1800000|  0%| F|  |TAMS 0x00000000a1700000, 0x00000000a1700000| Untracked 
|  24|0x00000000a1800000, 0x00000000a1800000, 0x00000000a1900000|  0%| F|  |TAMS 0x00000000a1800000, 0x00000000a1800000| Untracked 
|  25|0x00000000a1900000, 0x00000000a1900000, 0x00000000a1a00000|  0%| F|  |TAMS 0x00000000a1900000, 0x00000000a1900000| Untracked 
|  26|0x00000000a1a00000, 0x00000000a1a00000, 0x00000000a1b00000|  0%| F|  |TAMS 0x00000000a1a00000, 0x00000000a1a00000| Untracked 
|  27|0x00000000a1b00000, 0x00000000a1b00000, 0x00000000a1c00000|  0%| F|  |TAMS 0x00000000a1b00000, 0x00000000a1b00000| Untracked 
|  28|0x00000000a1c00000, 0x00000000a1c00000, 0x00000000a1d00000|  0%| F|  |TAMS 0x00000000a1c00000, 0x00000000a1c00000| Untracked 
|  29|0x00000000a1d00000, 0x00000000a1d00000, 0x00000000a1e00000|  0%| F|  |TAMS 0x00000000a1d00000, 0x00000000a1d00000| Untracked 
|  30|0x00000000a1e00000, 0x00000000a1e00000, 0x00000000a1f00000|  0%| F|  |TAMS 0x00000000a1e00000, 0x00000000a1e00000| Untracked 
|  31|0x00000000a1f00000, 0x00000000a1f00000, 0x00000000a2000000|  0%| F|  |TAMS 0x00000000a1f00000, 0x00000000a1f00000| Untracked 
|  32|0x00000000a2000000, 0x00000000a2000000, 0x00000000a2100000|  0%| F|  |TAMS 0x00000000a2000000, 0x00000000a2000000| Untracked 
|  33|0x00000000a2100000, 0x00000000a2100000, 0x00000000a2200000|  0%| F|  |TAMS 0x00000000a2100000, 0x00000000a2100000| Untracked 
|  34|0x00000000a2200000, 0x00000000a2200000, 0x00000000a2300000|  0%| F|  |TAMS 0x00000000a2200000, 0x00000000a2200000| Untracked 
|  35|0x00000000a2300000, 0x00000000a2300000, 0x00000000a2400000|  0%| F|  |TAMS 0x00000000a2300000, 0x00000000a2300000| Untracked 
|  36|0x00000000a2400000, 0x00000000a2400000, 0x00000000a2500000|  0%| F|  |TAMS 0x00000000a2400000, 0x00000000a2400000| Untracked 
|  37|0x00000000a2500000, 0x00000000a2500000, 0x00000000a2600000|  0%| F|  |TAMS 0x00000000a2500000, 0x00000000a2500000| Untracked 
|  38|0x00000000a2600000, 0x00000000a2600000, 0x00000000a2700000|  0%| F|  |TAMS 0x00000000a2600000, 0x00000000a2600000| Untracked 
|  39|0x00000000a2700000, 0x00000000a2700000, 0x00000000a2800000|  0%| F|  |TAMS 0x00000000a2700000, 0x00000000a2700000| Untracked 
|  40|0x00000000a2800000, 0x00000000a2800000, 0x00000000a2900000|  0%| F|  |TAMS 0x00000000a2800000, 0x00000000a2800000| Untracked 
|  41|0x00000000a2900000, 0x00000000a2900000, 0x00000000a2a00000|  0%| F|  |TAMS 0x00000000a2900000, 0x00000000a2900000| Untracked 
|  42|0x00000000a2a00000, 0x00000000a2a00000, 0x00000000a2b00000|  0%| F|  |TAMS 0x00000000a2a00000, 0x00000000a2a00000| Untracked 
|  43|0x00000000a2b00000, 0x00000000a2b00000, 0x00000000a2c00000|  0%| F|  |TAMS 0x00000000a2b00000, 0x00000000a2b00000| Untracked 
|  44|0x00000000a2c00000, 0x00000000a2c00000, 0x00000000a2d00000|  0%| F|  |TAMS 0x00000000a2c00000, 0x00000000a2c00000| Untracked 
|  45|0x00000000a2d00000, 0x00000000a2d00000, 0x00000000a2e00000|  0%| F|  |TAMS 0x00000000a2d00000, 0x00000000a2d00000| Untracked 
|  46|0x00000000a2e00000, 0x00000000a2e00000, 0x00000000a2f00000|  0%| F|  |TAMS 0x00000000a2e00000, 0x00000000a2e00000| Untracked 
|  47|0x00000000a2f00000, 0x00000000a2f00000, 0x00000000a3000000|  0%| F|  |TAMS 0x00000000a2f00000, 0x00000000a2f00000| Untracked 
|  48|0x00000000a3000000, 0x00000000a3000000, 0x00000000a3100000|  0%| F|  |TAMS 0x00000000a3000000, 0x00000000a3000000| Untracked 
|  49|0x00000000a3100000, 0x00000000a3100000, 0x00000000a3200000|  0%| F|  |TAMS 0x00000000a3100000, 0x00000000a3100000| Untracked 
|  50|0x00000000a3200000, 0x00000000a3200000, 0x00000000a3300000|  0%| F|  |TAMS 0x00000000a3200000, 0x00000000a3200000| Untracked 
|  51|0x00000000a3300000, 0x00000000a3300000, 0x00000000a3400000|  0%| F|  |TAMS 0x00000000a3300000, 0x00000000a3300000| Untracked 
|  52|0x00000000a3400000, 0x00000000a3400000, 0x00000000a3500000|  0%| F|  |TAMS 0x00000000a3400000, 0x00000000a3400000| Untracked 
|  53|0x00000000a3500000, 0x00000000a3500000, 0x00000000a3600000|  0%| F|  |TAMS 0x00000000a3500000, 0x00000000a3500000| Untracked 
|  54|0x00000000a3600000, 0x00000000a3600000, 0x00000000a3700000|  0%| F|  |TAMS 0x00000000a3600000, 0x00000000a3600000| Untracked 
|  55|0x00000000a3700000, 0x00000000a3700000, 0x00000000a3800000|  0%| F|  |TAMS 0x00000000a3700000, 0x00000000a3700000| Untracked 
|  56|0x00000000a3800000, 0x00000000a3800000, 0x00000000a3900000|  0%| F|  |TAMS 0x00000000a3800000, 0x00000000a3800000| Untracked 
|  57|0x00000000a3900000, 0x00000000a3900000, 0x00000000a3a00000|  0%| F|  |TAMS 0x00000000a3900000, 0x00000000a3900000| Untracked 
|  58|0x00000000a3a00000, 0x00000000a3a00000, 0x00000000a3b00000|  0%| F|  |TAMS 0x00000000a3a00000, 0x00000000a3a00000| Untracked 
|  59|0x00000000a3b00000, 0x00000000a3b00000, 0x00000000a3c00000|  0%| F|  |TAMS 0x00000000a3b00000, 0x00000000a3b00000| Untracked 
|  60|0x00000000a3c00000, 0x00000000a3c00000, 0x00000000a3d00000|  0%| F|  |TAMS 0x00000000a3c00000, 0x00000000a3c00000| Untracked 
|  61|0x00000000a3d00000, 0x00000000a3d00000, 0x00000000a3e00000|  0%| F|  |TAMS 0x00000000a3d00000, 0x00000000a3d00000| Untracked 
|  62|0x00000000a3e00000, 0x00000000a3e00000, 0x00000000a3f00000|  0%| F|  |TAMS 0x00000000a3e00000, 0x00000000a3e00000| Untracked 
|  63|0x00000000a3f00000, 0x00000000a3f00000, 0x00000000a4000000|  0%| F|  |TAMS 0x00000000a3f00000, 0x00000000a3f00000| Untracked 
|  64|0x00000000a4000000, 0x00000000a4000000, 0x00000000a4100000|  0%| F|  |TAMS 0x00000000a4000000, 0x00000000a4000000| Untracked 
|  65|0x00000000a4100000, 0x00000000a4100000, 0x00000000a4200000|  0%| F|  |TAMS 0x00000000a4100000, 0x00000000a4100000| Untracked 
|  66|0x00000000a4200000, 0x00000000a4200000, 0x00000000a4300000|  0%| F|  |TAMS 0x00000000a4200000, 0x00000000a4200000| Untracked 
|  67|0x00000000a4300000, 0x00000000a4300000, 0x00000000a4400000|  0%| F|  |TAMS 0x00000000a4300000, 0x00000000a4300000| Untracked 
|  68|0x00000000a4400000, 0x00000000a4400000, 0x00000000a4500000|  0%| F|  |TAMS 0x00000000a4400000, 0x00000000a4400000| Untracked 
|  69|0x00000000a4500000, 0x00000000a4500000, 0x00000000a4600000|  0%| F|  |TAMS 0x00000000a4500000, 0x00000000a4500000| Untracked 
|  70|0x00000000a4600000, 0x00000000a4600000, 0x00000000a4700000|  0%| F|  |TAMS 0x00000000a4600000, 0x00000000a4600000| Untracked 
|  71|0x00000000a4700000, 0x00000000a4700000, 0x00000000a4800000|  0%| F|  |TAMS 0x00000000a4700000, 0x00000000a4700000| Untracked 
|  72|0x00000000a4800000, 0x00000000a4800000, 0x00000000a4900000|  0%| F|  |TAMS 0x00000000a4800000, 0x00000000a4800000| Untracked 
|  73|0x00000000a4900000, 0x00000000a4900000, 0x00000000a4a00000|  0%| F|  |TAMS 0x00000000a4900000, 0x00000000a4900000| Untracked 
|  74|0x00000000a4a00000, 0x00000000a4a00000, 0x00000000a4b00000|  0%| F|  |TAMS 0x00000000a4a00000, 0x00000000a4a00000| Untracked 
|  75|0x00000000a4b00000, 0x00000000a4b00000, 0x00000000a4c00000|  0%| F|  |TAMS 0x00000000a4b00000, 0x00000000a4b00000| Untracked 
|  76|0x00000000a4c00000, 0x00000000a4c00000, 0x00000000a4d00000|  0%| F|  |TAMS 0x00000000a4c00000, 0x00000000a4c00000| Untracked 
|  77|0x00000000a4d00000, 0x00000000a4d00000, 0x00000000a4e00000|  0%| F|  |TAMS 0x00000000a4d00000, 0x00000000a4d00000| Untracked 
|  78|0x00000000a4e00000, 0x00000000a4e00000, 0x00000000a4f00000|  0%| F|  |TAMS 0x00000000a4e00000, 0x00000000a4e00000| Untracked 
|  79|0x00000000a4f00000, 0x00000000a4f00000, 0x00000000a5000000|  0%| F|  |TAMS 0x00000000a4f00000, 0x00000000a4f00000| Untracked 
|  80|0x00000000a5000000, 0x00000000a5000000, 0x00000000a5100000|  0%| F|  |TAMS 0x00000000a5000000, 0x00000000a5000000| Untracked 
|  81|0x00000000a5100000, 0x00000000a5100000, 0x00000000a5200000|  0%| F|  |TAMS 0x00000000a5100000, 0x00000000a5100000| Untracked 
|  82|0x00000000a5200000, 0x00000000a5200000, 0x00000000a5300000|  0%| F|  |TAMS 0x00000000a5200000, 0x00000000a5200000| Untracked 
|  83|0x00000000a5300000, 0x00000000a5300000, 0x00000000a5400000|  0%| F|  |TAMS 0x00000000a5300000, 0x00000000a5300000| Untracked 
|  84|0x00000000a5400000, 0x00000000a5400000, 0x00000000a5500000|  0%| F|  |TAMS 0x00000000a5400000, 0x00000000a5400000| Untracked 
|  85|0x00000000a5500000, 0x00000000a5500000, 0x00000000a5600000|  0%| F|  |TAMS 0x00000000a5500000, 0x00000000a5500000| Untracked 
|  86|0x00000000a5600000, 0x00000000a5600000, 0x00000000a5700000|  0%| F|  |TAMS 0x00000000a5600000, 0x00000000a5600000| Untracked 
|  87|0x00000000a5700000, 0x00000000a5700000, 0x00000000a5800000|  0%| F|  |TAMS 0x00000000a5700000, 0x00000000a5700000| Untracked 
|  88|0x00000000a5800000, 0x00000000a5800000, 0x00000000a5900000|  0%| F|  |TAMS 0x00000000a5800000, 0x00000000a5800000| Untracked 
|  89|0x00000000a5900000, 0x00000000a5900000, 0x00000000a5a00000|  0%| F|  |TAMS 0x00000000a5900000, 0x00000000a5900000| Untracked 
|  90|0x00000000a5a00000, 0x00000000a5a00000, 0x00000000a5b00000|  0%| F|  |TAMS 0x00000000a5a00000, 0x00000000a5a00000| Untracked 
|  91|0x00000000a5b00000, 0x00000000a5b00000, 0x00000000a5c00000|  0%| F|  |TAMS 0x00000000a5b00000, 0x00000000a5b00000| Untracked 
|  92|0x00000000a5c00000, 0x00000000a5c00000, 0x00000000a5d00000|  0%| F|  |TAMS 0x00000000a5c00000, 0x00000000a5c00000| Untracked 
|  93|0x00000000a5d00000, 0x00000000a5d00000, 0x00000000a5e00000|  0%| F|  |TAMS 0x00000000a5d00000, 0x00000000a5d00000| Untracked 
|  94|0x00000000a5e00000, 0x00000000a5e00000, 0x00000000a5f00000|  0%| F|  |TAMS 0x00000000a5e00000, 0x00000000a5e00000| Untracked 
|  95|0x00000000a5f00000, 0x00000000a5f00000, 0x00000000a6000000|  0%| F|  |TAMS 0x00000000a5f00000, 0x00000000a5f00000| Untracked 
|  96|0x00000000a6000000, 0x00000000a6000000, 0x00000000a6100000|  0%| F|  |TAMS 0x00000000a6000000, 0x00000000a6000000| Untracked 
|  97|0x00000000a6100000, 0x00000000a6100000, 0x00000000a6200000|  0%| F|  |TAMS 0x00000000a6100000, 0x00000000a6100000| Untracked 
|  98|0x00000000a6200000, 0x00000000a6200000, 0x00000000a6300000|  0%| F|  |TAMS 0x00000000a6200000, 0x00000000a6200000| Untracked 
|  99|0x00000000a6300000, 0x00000000a6300000, 0x00000000a6400000|  0%| F|  |TAMS 0x00000000a6300000, 0x00000000a6300000| Untracked 
| 100|0x00000000a6400000, 0x00000000a6400000, 0x00000000a6500000|  0%| F|  |TAMS 0x00000000a6400000, 0x00000000a6400000| Untracked 
| 101|0x00000000a6500000, 0x00000000a6500000, 0x00000000a6600000|  0%| F|  |TAMS 0x00000000a6500000, 0x00000000a6500000| Untracked 
| 102|0x00000000a6600000, 0x00000000a6600000, 0x00000000a6700000|  0%| F|  |TAMS 0x00000000a6600000, 0x00000000a6600000| Untracked 
| 103|0x00000000a6700000, 0x00000000a6700000, 0x00000000a6800000|  0%| F|  |TAMS 0x00000000a6700000, 0x00000000a6700000| Untracked 
| 104|0x00000000a6800000, 0x00000000a6800000, 0x00000000a6900000|  0%| F|  |TAMS 0x00000000a6800000, 0x00000000a6800000| Untracked 
| 105|0x00000000a6900000, 0x00000000a6900000, 0x00000000a6a00000|  0%| F|  |TAMS 0x00000000a6900000, 0x00000000a6900000| Untracked 
| 106|0x00000000a6a00000, 0x00000000a6a00000, 0x00000000a6b00000|  0%| F|  |TAMS 0x00000000a6a00000, 0x00000000a6a00000| Untracked 
| 107|0x00000000a6b00000, 0x00000000a6b00000, 0x00000000a6c00000|  0%| F|  |TAMS 0x00000000a6b00000, 0x00000000a6b00000| Untracked 
| 108|0x00000000a6c00000, 0x00000000a6c00000, 0x00000000a6d00000|  0%| F|  |TAMS 0x00000000a6c00000, 0x00000000a6c00000| Untracked 
| 109|0x00000000a6d00000, 0x00000000a6d00000, 0x00000000a6e00000|  0%| F|  |TAMS 0x00000000a6d00000, 0x00000000a6d00000| Untracked 
| 110|0x00000000a6e00000, 0x00000000a6e00000, 0x00000000a6f00000|  0%| F|  |TAMS 0x00000000a6e00000, 0x00000000a6e00000| Untracked 
| 111|0x00000000a6f00000, 0x00000000a6f00000, 0x00000000a7000000|  0%| F|  |TAMS 0x00000000a6f00000, 0x00000000a6f00000| Untracked 
| 112|0x00000000a7000000, 0x00000000a7000000, 0x00000000a7100000|  0%| F|  |TAMS 0x00000000a7000000, 0x00000000a7000000| Untracked 
| 113|0x00000000a7100000, 0x00000000a7100000, 0x00000000a7200000|  0%| F|  |TAMS 0x00000000a7100000, 0x00000000a7100000| Untracked 
| 114|0x00000000a7200000, 0x00000000a7200000, 0x00000000a7300000|  0%| F|  |TAMS 0x00000000a7200000, 0x00000000a7200000| Untracked 
| 115|0x00000000a7300000, 0x00000000a7300000, 0x00000000a7400000|  0%| F|  |TAMS 0x00000000a7300000, 0x00000000a7300000| Untracked 
| 116|0x00000000a7400000, 0x00000000a7400000, 0x00000000a7500000|  0%| F|  |TAMS 0x00000000a7400000, 0x00000000a7400000| Untracked 
| 117|0x00000000a7500000, 0x00000000a7500000, 0x00000000a7600000|  0%| F|  |TAMS 0x00000000a7500000, 0x00000000a7500000| Untracked 
| 118|0x00000000a7600000, 0x00000000a7600000, 0x00000000a7700000|  0%| F|  |TAMS 0x00000000a7600000, 0x00000000a7600000| Untracked 
| 119|0x00000000a7700000, 0x00000000a7700000, 0x00000000a7800000|  0%| F|  |TAMS 0x00000000a7700000, 0x00000000a7700000| Untracked 
| 120|0x00000000a7800000, 0x00000000a7800000, 0x00000000a7900000|  0%| F|  |TAMS 0x00000000a7800000, 0x00000000a7800000| Untracked 
| 121|0x00000000a7900000, 0x00000000a7900000, 0x00000000a7a00000|  0%| F|  |TAMS 0x00000000a7900000, 0x00000000a7900000| Untracked 
| 122|0x00000000a7a00000, 0x00000000a7a00000, 0x00000000a7b00000|  0%| F|  |TAMS 0x00000000a7a00000, 0x00000000a7a00000| Untracked 
| 123|0x00000000a7b00000, 0x00000000a7b00000, 0x00000000a7c00000|  0%| F|  |TAMS 0x00000000a7b00000, 0x00000000a7b00000| Untracked 
| 124|0x00000000a7c00000, 0x00000000a7c00000, 0x00000000a7d00000|  0%| F|  |TAMS 0x00000000a7c00000, 0x00000000a7c00000| Untracked 
| 125|0x00000000a7d00000, 0x00000000a7d00000, 0x00000000a7e00000|  0%| F|  |TAMS 0x00000000a7d00000, 0x00000000a7d00000| Untracked 
| 126|0x00000000a7e00000, 0x00000000a7e00000, 0x00000000a7f00000|  0%| F|  |TAMS 0x00000000a7e00000, 0x00000000a7e00000| Untracked 
| 127|0x00000000a7f00000, 0x00000000a7f00000, 0x00000000a8000000|  0%| F|  |TAMS 0x00000000a7f00000, 0x00000000a7f00000| Untracked 
| 128|0x00000000a8000000, 0x00000000a8000000, 0x00000000a8100000|  0%| F|  |TAMS 0x00000000a8000000, 0x00000000a8000000| Untracked 
| 129|0x00000000a8100000, 0x00000000a8100000, 0x00000000a8200000|  0%| F|  |TAMS 0x00000000a8100000, 0x00000000a8100000| Untracked 
| 130|0x00000000a8200000, 0x00000000a8200000, 0x00000000a8300000|  0%| F|  |TAMS 0x00000000a8200000, 0x00000000a8200000| Untracked 
| 131|0x00000000a8300000, 0x00000000a8300000, 0x00000000a8400000|  0%| F|  |TAMS 0x00000000a8300000, 0x00000000a8300000| Untracked 
| 132|0x00000000a8400000, 0x00000000a8400000, 0x00000000a8500000|  0%| F|  |TAMS 0x00000000a8400000, 0x00000000a8400000| Untracked 
| 133|0x00000000a8500000, 0x00000000a8500000, 0x00000000a8600000|  0%| F|  |TAMS 0x00000000a8500000, 0x00000000a8500000| Untracked 
| 134|0x00000000a8600000, 0x00000000a8600000, 0x00000000a8700000|  0%| F|  |TAMS 0x00000000a8600000, 0x00000000a8600000| Untracked 
| 135|0x00000000a8700000, 0x00000000a8700000, 0x00000000a8800000|  0%| F|  |TAMS 0x00000000a8700000, 0x00000000a8700000| Untracked 
| 136|0x00000000a8800000, 0x00000000a8800000, 0x00000000a8900000|  0%| F|  |TAMS 0x00000000a8800000, 0x00000000a8800000| Untracked 
| 137|0x00000000a8900000, 0x00000000a8900000, 0x00000000a8a00000|  0%| F|  |TAMS 0x00000000a8900000, 0x00000000a8900000| Untracked 
| 138|0x00000000a8a00000, 0x00000000a8a00000, 0x00000000a8b00000|  0%| F|  |TAMS 0x00000000a8a00000, 0x00000000a8a00000| Untracked 
| 139|0x00000000a8b00000, 0x00000000a8b00000, 0x00000000a8c00000|  0%| F|  |TAMS 0x00000000a8b00000, 0x00000000a8b00000| Untracked 
| 140|0x00000000a8c00000, 0x00000000a8c00000, 0x00000000a8d00000|  0%| F|  |TAMS 0x00000000a8c00000, 0x00000000a8c00000| Untracked 
| 141|0x00000000a8d00000, 0x00000000a8d00000, 0x00000000a8e00000|  0%| F|  |TAMS 0x00000000a8d00000, 0x00000000a8d00000| Untracked 
| 142|0x00000000a8e00000, 0x00000000a8e00000, 0x00000000a8f00000|  0%| F|  |TAMS 0x00000000a8e00000, 0x00000000a8e00000| Untracked 
| 143|0x00000000a8f00000, 0x00000000a8f00000, 0x00000000a9000000|  0%| F|  |TAMS 0x00000000a8f00000, 0x00000000a8f00000| Untracked 
| 144|0x00000000a9000000, 0x00000000a9000000, 0x00000000a9100000|  0%| F|  |TAMS 0x00000000a9000000, 0x00000000a9000000| Untracked 
| 145|0x00000000a9100000, 0x00000000a9100000, 0x00000000a9200000|  0%| F|  |TAMS 0x00000000a9100000, 0x00000000a9100000| Untracked 
| 146|0x00000000a9200000, 0x00000000a9200000, 0x00000000a9300000|  0%| F|  |TAMS 0x00000000a9200000, 0x00000000a9200000| Untracked 
| 147|0x00000000a9300000, 0x00000000a9300000, 0x00000000a9400000|  0%| F|  |TAMS 0x00000000a9300000, 0x00000000a9300000| Untracked 
| 148|0x00000000a9400000, 0x00000000a9400000, 0x00000000a9500000|  0%| F|  |TAMS 0x00000000a9400000, 0x00000000a9400000| Untracked 
| 149|0x00000000a9500000, 0x00000000a9500000, 0x00000000a9600000|  0%| F|  |TAMS 0x00000000a9500000, 0x00000000a9500000| Untracked 
| 150|0x00000000a9600000, 0x00000000a9600000, 0x00000000a9700000|  0%| F|  |TAMS 0x00000000a9600000, 0x00000000a9600000| Untracked 
| 151|0x00000000a9700000, 0x00000000a9700000, 0x00000000a9800000|  0%| F|  |TAMS 0x00000000a9700000, 0x00000000a9700000| Untracked 
| 152|0x00000000a9800000, 0x00000000a9800000, 0x00000000a9900000|  0%| F|  |TAMS 0x00000000a9800000, 0x00000000a9800000| Untracked 
| 153|0x00000000a9900000, 0x00000000a9900000, 0x00000000a9a00000|  0%| F|  |TAMS 0x00000000a9900000, 0x00000000a9900000| Untracked 
| 154|0x00000000a9a00000, 0x00000000a9a00000, 0x00000000a9b00000|  0%| F|  |TAMS 0x00000000a9a00000, 0x00000000a9a00000| Untracked 
| 155|0x00000000a9b00000, 0x00000000a9b00000, 0x00000000a9c00000|  0%| F|  |TAMS 0x00000000a9b00000, 0x00000000a9b00000| Untracked 
| 156|0x00000000a9c00000, 0x00000000a9c00000, 0x00000000a9d00000|  0%| F|  |TAMS 0x00000000a9c00000, 0x00000000a9c00000| Untracked 
| 157|0x00000000a9d00000, 0x00000000a9d00000, 0x00000000a9e00000|  0%| F|  |TAMS 0x00000000a9d00000, 0x00000000a9d00000| Untracked 
| 158|0x00000000a9e00000, 0x00000000a9e00000, 0x00000000a9f00000|  0%| F|  |TAMS 0x00000000a9e00000, 0x00000000a9e00000| Untracked 
| 159|0x00000000a9f00000, 0x00000000a9f00000, 0x00000000aa000000|  0%| F|  |TAMS 0x00000000a9f00000, 0x00000000a9f00000| Untracked 
| 160|0x00000000aa000000, 0x00000000aa000000, 0x00000000aa100000|  0%| F|  |TAMS 0x00000000aa000000, 0x00000000aa000000| Untracked 
| 161|0x00000000aa100000, 0x00000000aa100000, 0x00000000aa200000|  0%| F|  |TAMS 0x00000000aa100000, 0x00000000aa100000| Untracked 
| 162|0x00000000aa200000, 0x00000000aa200000, 0x00000000aa300000|  0%| F|  |TAMS 0x00000000aa200000, 0x00000000aa200000| Untracked 
| 163|0x00000000aa300000, 0x00000000aa300000, 0x00000000aa400000|  0%| F|  |TAMS 0x00000000aa300000, 0x00000000aa300000| Untracked 
| 164|0x00000000aa400000, 0x00000000aa400000, 0x00000000aa500000|  0%| F|  |TAMS 0x00000000aa400000, 0x00000000aa400000| Untracked 
| 165|0x00000000aa500000, 0x00000000aa500000, 0x00000000aa600000|  0%| F|  |TAMS 0x00000000aa500000, 0x00000000aa500000| Untracked 
| 166|0x00000000aa600000, 0x00000000aa600000, 0x00000000aa700000|  0%| F|  |TAMS 0x00000000aa600000, 0x00000000aa600000| Untracked 
| 167|0x00000000aa700000, 0x00000000aa700000, 0x00000000aa800000|  0%| F|  |TAMS 0x00000000aa700000, 0x00000000aa700000| Untracked 
| 168|0x00000000aa800000, 0x00000000aa800000, 0x00000000aa900000|  0%| F|  |TAMS 0x00000000aa800000, 0x00000000aa800000| Untracked 
| 169|0x00000000aa900000, 0x00000000aa900000, 0x00000000aaa00000|  0%| F|  |TAMS 0x00000000aa900000, 0x00000000aa900000| Untracked 
| 170|0x00000000aaa00000, 0x00000000aaa00000, 0x00000000aab00000|  0%| F|  |TAMS 0x00000000aaa00000, 0x00000000aaa00000| Untracked 
| 171|0x00000000aab00000, 0x00000000aac00000, 0x00000000aac00000|100%| S|CS|TAMS 0x00000000aab00000, 0x00000000aab00000| Complete 
| 172|0x00000000aac00000, 0x00000000aac00000, 0x00000000aad00000|  0%| F|  |TAMS 0x00000000aac00000, 0x00000000aac00000| Untracked 
| 173|0x00000000aad00000, 0x00000000aad00000, 0x00000000aae00000|  0%| F|  |TAMS 0x00000000aad00000, 0x00000000aad00000| Untracked 
| 174|0x00000000aae00000, 0x00000000aae00000, 0x00000000aaf00000|  0%| F|  |TAMS 0x00000000aae00000, 0x00000000aae00000| Untracked 
| 175|0x00000000aaf00000, 0x00000000aaf00000, 0x00000000ab000000|  0%| F|  |TAMS 0x00000000aaf00000, 0x00000000aaf00000| Untracked 
| 176|0x00000000ab000000, 0x00000000ab000000, 0x00000000ab100000|  0%| F|  |TAMS 0x00000000ab000000, 0x00000000ab000000| Untracked 
| 177|0x00000000ab100000, 0x00000000ab100000, 0x00000000ab200000|  0%| F|  |TAMS 0x00000000ab100000, 0x00000000ab100000| Untracked 
| 178|0x00000000ab200000, 0x00000000ab200000, 0x00000000ab300000|  0%| F|  |TAMS 0x00000000ab200000, 0x00000000ab200000| Untracked 
| 179|0x00000000ab300000, 0x00000000ab300000, 0x00000000ab400000|  0%| F|  |TAMS 0x00000000ab300000, 0x00000000ab300000| Untracked 
| 180|0x00000000ab400000, 0x00000000ab400000, 0x00000000ab500000|  0%| F|  |TAMS 0x00000000ab400000, 0x00000000ab400000| Untracked 
| 181|0x00000000ab500000, 0x00000000ab500000, 0x00000000ab600000|  0%| F|  |TAMS 0x00000000ab500000, 0x00000000ab500000| Untracked 
| 182|0x00000000ab600000, 0x00000000ab600000, 0x00000000ab700000|  0%| F|  |TAMS 0x00000000ab600000, 0x00000000ab600000| Untracked 
| 183|0x00000000ab700000, 0x00000000ab700000, 0x00000000ab800000|  0%| F|  |TAMS 0x00000000ab700000, 0x00000000ab700000| Untracked 
| 184|0x00000000ab800000, 0x00000000ab87df38, 0x00000000ab900000| 49%| E|  |TAMS 0x00000000ab800000, 0x00000000ab800000| Complete 
| 185|0x00000000ab900000, 0x00000000aba00000, 0x00000000aba00000|100%| E|CS|TAMS 0x00000000ab900000, 0x00000000ab900000| Complete 
| 186|0x00000000aba00000, 0x00000000abb00000, 0x00000000abb00000|100%| E|CS|TAMS 0x00000000aba00000, 0x00000000aba00000| Complete 
| 187|0x00000000abb00000, 0x00000000abc00000, 0x00000000abc00000|100%| E|CS|TAMS 0x00000000abb00000, 0x00000000abb00000| Complete 
| 188|0x00000000abc00000, 0x00000000abd00000, 0x00000000abd00000|100%| E|CS|TAMS 0x00000000abc00000, 0x00000000abc00000| Complete 
| 189|0x00000000abd00000, 0x00000000abe00000, 0x00000000abe00000|100%| E|CS|TAMS 0x00000000abd00000, 0x00000000abd00000| Complete 
| 190|0x00000000abe00000, 0x00000000abf00000, 0x00000000abf00000|100%| E|CS|TAMS 0x00000000abe00000, 0x00000000abe00000| Complete 
| 191|0x00000000abf00000, 0x00000000ac000000, 0x00000000ac000000|100%| E|CS|TAMS 0x00000000abf00000, 0x00000000abf00000| Complete 

Card table byte_map: [0x000001ea7a1c0000,0x000001ea7a4c0000] _byte_map_base: 0x000001ea79cc0000

Marking Bits (Prev, Next): (CMBitMap*) 0x000001ea76415460, (CMBitMap*) 0x000001ea76415428
 Prev Bits: [0x000001ea7bfc0000, 0x000001ea7d7c0000)
 Next Bits: [0x000001ea7a7c0000, 0x000001ea7bfc0000)

Polling page: 0x000001ea74270000

Metaspace:

Usage:
  Non-class:     20.48 MB capacity,    20.09 MB ( 98%) used,   350.92 KB (  2%) free+waste,    42.38 KB ( <1%) overhead. 
      Class:      3.12 MB capacity,     2.91 MB ( 94%) used,   185.30 KB (  6%) free+waste,    21.13 KB ( <1%) overhead. 
       Both:     23.59 MB capacity,    23.01 MB ( 98%) used,   536.22 KB (  2%) free+waste,    63.50 KB ( <1%) overhead. 

Virtual space:
  Non-class space:       22.00 MB reserved,      20.67 MB ( 94%) committed 
      Class space:        1.00 GB reserved,       3.13 MB ( <1%) committed 
             Both:        1.02 GB reserved,      23.80 MB (  2%) committed 

Chunk freelists:
   Non-Class:  9.00 KB
       Class:  9.00 KB
        Both:  18.00 KB

MaxMetaspaceSize: 17179869184.00 GB
CompressedClassSpaceSize: 1.00 GB

CodeHeap 'non-profiled nmethods': size=120064Kb used=1030Kb max_used=1030Kb free=119033Kb
 bounds [0x000001ea07ac0000, 0x000001ea07d30000, 0x000001ea0f000000]
CodeHeap 'profiled nmethods': size=120000Kb used=4624Kb max_used=4624Kb free=115375Kb
 bounds [0x000001ea00590000, 0x000001ea00a20000, 0x000001ea07ac0000]
CodeHeap 'non-nmethods': size=5696Kb used=1157Kb max_used=1186Kb free=4539Kb
 bounds [0x000001ea00000000, 0x000001ea00270000, 0x000001ea00590000]
 total_blobs=2628 nmethods=2132 adapters=407
 compilation: enabled
              stopped_count=0, restarted_count=0
 full_count=0

Compilation events (20 events):
Event: 4.091 Thread 0x000001ea0f85e800 2110       3       java.lang.invoke.Invokers$Holder::linkToTargetMethod (10 bytes)
Event: 4.091 Thread 0x000001ea11c8d000 nmethod 2108 0x000001ea07bc0690 code [0x000001ea07bc0820, 0x000001ea07bc0898]
Event: 4.091 Thread 0x000001ea11c8d000 2063       4       java.net.URLClassLoader$1::run (5 bytes)
Event: 4.091 Thread 0x000001ea0f85e800 nmethod 2110 0x000001ea00a04e10 code [0x000001ea00a04fe0, 0x000001ea00a053f8]
Event: 4.091 Thread 0x000001ea0f85e800 2111       3       java.lang.Boolean::valueOf (14 bytes)
Event: 4.091 Thread 0x000001ea0f85e800 nmethod 2111 0x000001ea00a05510 code [0x000001ea00a056c0, 0x000001ea00a05818]
Event: 4.091 Thread 0x000001ea0f85e800 2112       3       java.util.LinkedHashMap$LinkedValueIterator::next (8 bytes)
Event: 4.091 Thread 0x000001ea0f85e800 nmethod 2112 0x000001ea00a05890 code [0x000001ea00a05a40, 0x000001ea00a05b68]
Event: 4.091 Thread 0x000001ea0f85e800 2113       3       java.util.Collections$UnmodifiableCollection::<init> (22 bytes)
Event: 4.091 Thread 0x000001ea0f85e800 nmethod 2113 0x000001ea00a05c10 code [0x000001ea00a05de0, 0x000001ea00a06088]
Event: 4.092 Thread 0x000001ea0f85e800 2114       3       java.lang.invoke.DirectMethodHandle$Holder::invokeStatic (15 bytes)
Event: 4.092 Thread 0x000001ea0f85e800 nmethod 2114 0x000001ea00a06190 code [0x000001ea00a06360, 0x000001ea00a06898]
Event: 4.092 Thread 0x000001ea0f85e800 2115       1       org.gradle.internal.instantiation.generator.AbstractClassGenerator$PropertyMetadata::getName (5 bytes)
Event: 4.092 Thread 0x000001ea0f85e800 nmethod 2115 0x000001ea07bc0910 code [0x000001ea07bc0ac0, 0x000001ea07bc0b78]
Event: 4.104 Thread 0x000001ea0f85e800 2117       3       org.gradle.internal.reflect.MethodSet$MethodKey::hashCode (29 bytes)
Event: 4.104 Thread 0x000001ea0f85e800 nmethod 2117 0x000001ea00a06990 code [0x000001ea00a06ba0, 0x000001ea00a07368]
Event: 4.104 Thread 0x000001ea0f85e800 2118       1       java.util.ArrayList$ArrayListSpliterator::characteristics (4 bytes)
Event: 4.105 Thread 0x000001ea0f85e800 nmethod 2118 0x000001ea07bc0c10 code [0x000001ea07bc0dc0, 0x000001ea07bc0e78]
Event: 4.105 Thread 0x000001ea0f85e800 2119       3       java.util.stream.AbstractPipeline::isParallel (8 bytes)
Event: 4.105 Thread 0x000001ea0f85e800 nmethod 2119 0x000001ea00a07610 code [0x000001ea00a077c0, 0x000001ea00a078d8]

GC Heap History (6 events):
Event: 0.518 GC heap before
{Heap before GC invocations=0 (full 0):
 garbage-first heap   total 196608K, used 16384K [0x00000000a0000000, 0x0000000100000000)
  region size 1024K, 14 young (14336K), 0 survivors (0K)
 Metaspace       used 6718K, capacity 6929K, committed 7168K, reserved 1056768K
  class space    used 583K, capacity 650K, committed 768K, reserved 1048576K
}
Event: 0.541 GC heap after
{Heap after GC invocations=1 (full 0):
 garbage-first heap   total 196608K, used 3815K [0x00000000a0000000, 0x0000000100000000)
  region size 1024K, 2 young (2048K), 2 survivors (2048K)
 Metaspace       used 6718K, capacity 6929K, committed 7168K, reserved 1056768K
  class space    used 583K, capacity 650K, committed 768K, reserved 1048576K
}
Event: 3.566 GC heap before
{Heap before GC invocations=1 (full 0):
 garbage-first heap   total 196608K, used 119527K [0x00000000a0000000, 0x0000000100000000)
  region size 1024K, 113 young (115712K), 2 survivors (2048K)
 Metaspace       used 20629K, capacity 21100K, committed 21296K, reserved 1069056K
  class space    used 2508K, capacity 2659K, committed 2688K, reserved 1048576K
}
Event: 3.579 GC heap after
{Heap after GC invocations=2 (full 0):
 garbage-first heap   total 196608K, used 17068K [0x00000000a0000000, 0x0000000100000000)
  region size 1024K, 12 young (12288K), 12 survivors (12288K)
 Metaspace       used 20629K, capacity 21100K, committed 21296K, reserved 1069056K
  class space    used 2508K, capacity 2659K, committed 2688K, reserved 1048576K
}
Event: 3.977 GC heap before
{Heap before GC invocations=3 (full 0):
 garbage-first heap   total 196608K, used 37548K [0x00000000a0000000, 0x0000000100000000)
  region size 1024K, 32 young (32768K), 12 survivors (12288K)
 Metaspace       used 22480K, capacity 22977K, committed 23216K, reserved 1069056K
  class space    used 2844K, capacity 3032K, committed 3072K, reserved 1048576K
}
Event: 3.985 GC heap after
{Heap after GC invocations=4 (full 0):
 garbage-first heap   total 196608K, used 17726K [0x00000000a0000000, 0x0000000100000000)
  region size 1024K, 1 young (1024K), 1 survivors (1024K)
 Metaspace       used 22480K, capacity 22977K, committed 23216K, reserved 1069056K
  class space    used 2844K, capacity 3032K, committed 3072K, reserved 1048576K
}

Deoptimization events (20 events):
Event: 3.388 Thread 0x000001ea11898800 Uncommon trap: trap_request=0xffffff4d fr.pc=0x000001ea07b33170 relative=0x00000000000005b0
Event: 3.388 Thread 0x000001ea11898800 Uncommon trap: reason=unstable_if action=reinterpret pc=0x000001ea07b33170 method=java.io.File.getName()Ljava/lang/String; @ 16 c2
Event: 3.388 Thread 0x000001ea11898800 DEOPT PACKING pc=0x000001ea07b33170 sp=0x0000008bd50fce10
Event: 3.388 Thread 0x000001ea11898800 DEOPT UNPACKING pc=0x000001ea000278af sp=0x0000008bd50fcde0 mode 2
Event: 3.388 Thread 0x000001ea11898800 Uncommon trap: trap_request=0xffffff4d fr.pc=0x000001ea07b31688 relative=0x0000000000000448
Event: 3.388 Thread 0x000001ea11898800 Uncommon trap: reason=unstable_if action=reinterpret pc=0x000001ea07b31688 method=java.lang.String.substring(I)Ljava/lang/String; @ 34 c2
Event: 3.388 Thread 0x000001ea11898800 DEOPT PACKING pc=0x000001ea07b31688 sp=0x0000008bd50fcd90
Event: 3.388 Thread 0x000001ea11898800 DEOPT UNPACKING pc=0x000001ea000278af sp=0x0000008bd50fcd68 mode 2
Event: 3.438 Thread 0x000001ea11898800 Uncommon trap: trap_request=0xffffff4d fr.pc=0x000001ea07b8994c relative=0x000000000000010c
Event: 3.438 Thread 0x000001ea11898800 Uncommon trap: reason=unstable_if action=reinterpret pc=0x000001ea07b8994c method=java.lang.ThreadLocal$ThreadLocalMap.getEntry(Ljava/lang/ThreadLocal;)Ljava/lang/ThreadLocal$ThreadLocalMap$Entry; @ 29 c2
Event: 3.438 Thread 0x000001ea11898800 DEOPT PACKING pc=0x000001ea07b8994c sp=0x0000008bd50fdd10
Event: 3.438 Thread 0x000001ea11898800 DEOPT UNPACKING pc=0x000001ea000278af sp=0x0000008bd50fdc50 mode 2
Event: 3.756 Thread 0x000001ea11898800 Uncommon trap: trap_request=0xffffff4d fr.pc=0x000001ea07ba33f0 relative=0x00000000000003b0
Event: 3.756 Thread 0x000001ea11898800 Uncommon trap: reason=unstable_if action=reinterpret pc=0x000001ea07ba33f0 method=jdk.internal.org.objectweb.asm.Type.getArgumentsAndReturnSizes(Ljava/lang/String;)I @ 88 c2
Event: 3.756 Thread 0x000001ea11898800 DEOPT PACKING pc=0x000001ea07ba33f0 sp=0x0000008bd50f9a10
Event: 3.756 Thread 0x000001ea11898800 DEOPT UNPACKING pc=0x000001ea000278af sp=0x0000008bd50f9998 mode 2
Event: 4.078 Thread 0x000001ea11898800 Uncommon trap: trap_request=0xffffff4d fr.pc=0x000001ea07b1487c relative=0x000000000000023c
Event: 4.078 Thread 0x000001ea11898800 Uncommon trap: reason=unstable_if action=reinterpret pc=0x000001ea07b1487c method=java.util.concurrent.ConcurrentHashMap.get(Ljava/lang/Object;)Ljava/lang/Object; @ 76 c2
Event: 4.078 Thread 0x000001ea11898800 DEOPT PACKING pc=0x000001ea07b1487c sp=0x0000008bd50f8cf0
Event: 4.078 Thread 0x000001ea11898800 DEOPT UNPACKING pc=0x000001ea000278af sp=0x0000008bd50f8c58 mode 2

Classes redefined (0 events):
No events

Internal exceptions (20 events):
Event: 0.694 Thread 0x000001ea763de800 Exception <a 'java/lang/NoSuchMethodError'{0x00000000abaa6c38}: 'void java.lang.invoke.DelegatingMethodHandle$Holder.delegate(java.lang.Object, java.lang.Object, int, java.lang.Object)'> (0x00000000abaa6c38) thrown at [./src/hotspot/share/interpreter/linkResolver.cpp, line 773]
Event: 1.711 Thread 0x000001ea763de800 Exception <a 'java/security/PrivilegedActionException'{0x00000000a8d82f08}> (0x00000000a8d82f08) thrown at [./src/hotspot/share/prims/jvm.cpp, line 1306]
Event: 1.712 Thread 0x000001ea763de800 Exception <a 'java/security/PrivilegedActionException'{0x00000000a8d83480}> (0x00000000a8d83480) thrown at [./src/hotspot/share/prims/jvm.cpp, line 1306]
Event: 2.256 Thread 0x000001ea763de800 Exception <a 'java/lang/NoSuchMethodError'{0x00000000a7b57bf8}: 'java.lang.Object java.lang.invoke.DirectMethodHandle$Holder.invokeStaticInit(java.lang.Object, java.lang.Object, java.lang.Object)'> (0x00000000a7b57bf8) thrown at [./src/hotspot/share/interpreter/linkResolver.cpp, line 773]
Event: 2.436 Thread 0x000001ea763de800 Exception <a 'java/lang/NoSuchMethodError'{0x00000000a75f8628}: 'java.lang.Object java.lang.invoke.DirectMethodHandle$Holder.invokeStaticInit(java.lang.Object, int, int, int, int)'> (0x00000000a75f8628) thrown at [./src/hotspot/share/interpreter/linkResolver.cpp, line 773]
Event: 2.583 Thread 0x000001ea763de800 Exception <a 'java/lang/NoSuchMethodError'{0x00000000a7460fc8}: 'java.lang.Object java.lang.invoke.DirectMethodHandle$Holder.invokeStaticInit(java.lang.Object, java.lang.Object, int, int, int, int)'> (0x00000000a7460fc8) thrown at [./src/hotspot/share/interpreter/linkResolver.cpp, line 773]
Event: 2.850 Thread 0x000001ea763de800 Exception <a 'java/io/IOException'{0x00000000a7216fc0}> (0x00000000a7216fc0) thrown at [./src/hotspot/share/prims/jni.cpp, line 615]
Event: 2.985 Thread 0x000001ea11898800 Exception <a 'java/lang/NoSuchMethodError'{0x00000000a6cfa068}: 'long java.lang.invoke.DirectMethodHandle$Holder.invokeInterface(java.lang.Object, java.lang.Object)'> (0x00000000a6cfa068) thrown at [./src/hotspot/share/interpreter/linkResolver.cpp, line 773]
Event: 2.986 Thread 0x000001ea11898800 Exception <a 'java/lang/NoSuchMethodError'{0x00000000a6b075f0}: 'void java.lang.invoke.DelegatingMethodHandle$Holder.reinvoke_L(java.lang.Object, java.lang.Object, java.lang.Object, java.lang.Object, java.lang.Object, java.lang.Object, java.lang.Object)'> (0x00000000a6b075f0) thrown at [./src/hotspot/share/interpreter/linkResolver.cpp, line 773]
Event: 3.222 Thread 0x000001ea11898800 Exception <a 'java/lang/NoSuchMethodError'{0x00000000a631b720}: 'void java.lang.invoke.DirectMethodHandle$Holder.invokeStaticInit(java.lang.Object)'> (0x00000000a631b720) thrown at [./src/hotspot/share/interpreter/linkResolver.cpp, line 773]
Event: 3.236 Thread 0x000001ea11898800 Exception <a 'java/lang/NoSuchMethodError'{0x00000000a63d72e8}: 'java.lang.Object java.lang.invoke.DirectMethodHandle$Holder.invokeStatic(java.lang.Object, java.lang.Object, java.lang.Object, int)'> (0x00000000a63d72e8) thrown at [./src/hotspot/share/interpreter/linkResolver.cpp, line 773]
Event: 3.236 Thread 0x000001ea11898800 Exception <a 'java/lang/NoSuchMethodError'{0x00000000a63db4b0}: 'java.lang.Object java.lang.invoke.DirectMethodHandle$Holder.invokeSpecial(java.lang.Object, java.lang.Object, java.lang.Object, java.lang.Object, int)'> (0x00000000a63db4b0) thrown at [./src/hotspot/share/interpreter/linkResolver.cpp, line 773]
Event: 3.237 Thread 0x000001ea11898800 Exception <a 'java/lang/NoSuchMethodError'{0x00000000a63dee98}: 'java.lang.Object java.lang.invoke.Invokers$Holder.linkToTargetMethod(java.lang.Object, java.lang.Object, int, java.lang.Object)'> (0x00000000a63dee98) thrown at [./src/hotspot/share/interpreter/linkResolver.cpp, line 773]
Event: 3.412 Thread 0x000001ea11898800 Exception <a 'java/lang/NoSuchMethodError'{0x00000000a5965698}: 'java.lang.Object java.lang.invoke.Invokers$Holder.linkToTargetMethod(java.lang.Object, java.lang.Object, java.lang.Object, java.lang.Object, java.lang.Object, java.lang.Object)'> (0x00000000a5965698) thrown at [./src/hotspot/share/interpreter/linkResolver.cpp, line 773]
Event: 3.649 Thread 0x000001ea11898800 Exception <a 'java/lang/NoSuchMethodError'{0x00000000abfaf5c8}: 'int java.lang.invoke.DirectMethodHandle$Holder.invokeSpecialIFC(java.lang.Object, java.lang.Object, java.lang.Object, java.lang.Object)'> (0x00000000abfaf5c8) thrown at [./src/hotspot/share/interpreter/linkResolver.cpp, line 773]
Event: 3.653 Thread 0x000001ea11898800 Exception <a 'java/lang/NoSuchMethodError'{0x00000000abfbd580}: 'java.lang.Object java.lang.invoke.DirectMethodHandle$Holder.invokeInterface(java.lang.Object, java.lang.Object, java.lang.Object)'> (0x00000000abfbd580) thrown at [./src/hotspot/share/interpreter/linkResolver.cpp, line 773]
Event: 3.653 Thread 0x000001ea11898800 Exception <a 'java/lang/IncompatibleClassChangeError'{0x00000000abfc0a58}: Found class java.lang.Object, but interface was expected> (0x00000000abfc0a58) thrown at [./src/hotspot/share/interpreter/linkResolver.cpp, line 839]
Event: 3.821 Thread 0x000001ea11898800 Exception <a 'java/lang/NoSuchMethodError'{0x00000000ab734aa0}: 'void java.lang.invoke.DirectMethodHandle$Holder.invokeSpecial(java.lang.Object, java.lang.Object, java.lang.Object, java.lang.Object, java.lang.Object)'> (0x00000000ab734aa0) thrown at [./src/hotspot/share/interpreter/linkResolver.cpp, line 773]
Event: 3.856 Thread 0x000001ea11898800 Exception <a 'java/lang/NoSuchMethodError'{0x00000000ab596778}: 'java.lang.Object java.lang.invoke.DirectMethodHandle$Holder.invokeSpecial(java.lang.Object, java.lang.Object, java.lang.Object, java.lang.Object, java.lang.Object, java.lang.Object, java.lang.Object, java.lang.Object, java.lang.Object)'> (0x00000000ab596778) thrown at [./src/hotspot/share/interpreter/linkResolver.cpp, line 773]
Event: 3.997 Thread 0x000001ea11898800 Exception <a 'java/lang/NoSuchMethodError'{0x00000000abfa3ce0}: 'java.lang.Object java.lang.invoke.DirectMethodHandle$Holder.invokeVirtual(java.lang.Object, java.lang.Object, java.lang.Object, java.lang.Object)'> (0x00000000abfa3ce0) thrown at [./src/hotspot/share/interpreter/linkResolver.cpp, line 773]

Events (20 events):
Event: 4.129 loading class org/gradle/api/internal/HasConvention
Event: 4.129 loading class org/gradle/api/internal/HasConvention done
Event: 4.129 loading class org/gradle/internal/metaobject/DynamicObject
Event: 4.129 loading class org/gradle/internal/metaobject/DynamicObject done
Event: 4.130 loading class org/gradle/internal/metaobject/MethodAccess
Event: 4.130 loading class org/gradle/internal/metaobject/MethodAccess done
Event: 4.130 loading class org/gradle/internal/metaobject/PropertyAccess
Event: 4.130 loading class org/gradle/internal/metaobject/PropertyAccess done
Event: 4.130 loading class org/gradle/api/plugins/Convention
Event: 4.130 loading class org/gradle/api/plugins/Convention done
Event: 4.130 loading class org/gradle/api/plugins/ExtensionContainer
Event: 4.130 loading class org/gradle/api/plugins/ExtensionContainer done
Event: 4.130 loading class org/gradle/internal/metaobject/AbstractDynamicObject
Event: 4.130 loading class org/gradle/internal/metaobject/AbstractDynamicObject done
Event: 4.139 loading class org/gradle/internal/instantiation/generator/MixInExtensibleDynamicObject
Event: 4.139 loading class org/gradle/internal/instantiation/generator/MixInExtensibleDynamicObject done
Event: 4.139 loading class org/gradle/internal/extensibility/ExtensibleDynamicObject
Event: 4.139 loading class org/gradle/internal/extensibility/ExtensibleDynamicObject done
Event: 4.140 loading class org/gradle/internal/extensibility/MixInClosurePropertiesAsMethodsDynamicObject
Event: 4.140 loading class org/gradle/internal/extensibility/MixInClosurePropertiesAsMethodsDynamicObject done


Dynamic libraries:
0x00007ff601000000 - 0x00007ff60100a000 	C:\Program Files\Android\Android Studio\jre\bin\java.exe
0x00007fff632d0000 - 0x00007fff634c8000 	C:\WINDOWS\SYSTEM32\ntdll.dll
0x00007fff614f0000 - 0x00007fff615ad000 	C:\WINDOWS\System32\KERNEL32.DLL
0x00007fff60e10000 - 0x00007fff61106000 	C:\WINDOWS\System32\KERNELBASE.dll
0x00007fff5e280000 - 0x00007fff5e311000 	C:\WINDOWS\SYSTEM32\apphelp.dll
0x00007fff60d10000 - 0x00007fff60e10000 	C:\WINDOWS\System32\ucrtbase.dll
0x00007ffefbae0000 - 0x00007ffefbaf9000 	C:\Program Files\Android\Android Studio\jre\bin\jli.dll
0x00007fff61900000 - 0x00007fff61a9e000 	C:\WINDOWS\System32\USER32.dll
0x00007fff61300000 - 0x00007fff61322000 	C:\WINDOWS\System32\win32u.dll
0x00007fff631c0000 - 0x00007fff631ec000 	C:\WINDOWS\System32\GDI32.dll
0x00007fff60a90000 - 0x00007fff60baa000 	C:\WINDOWS\System32\gdi32full.dll
0x00007fff60c70000 - 0x00007fff60d0d000 	C:\WINDOWS\System32\msvcp_win.dll
0x00007ffefbac0000 - 0x00007ffefbad7000 	C:\Program Files\Android\Android Studio\jre\bin\VCRUNTIME140.dll
0x00007fff45230000 - 0x00007fff454ca000 	C:\WINDOWS\WinSxS\amd64_microsoft.windows.common-controls_6595b64144ccf1df_6.0.19041.1110_none_60b5254171f9507e\COMCTL32.dll
0x00007fff631f0000 - 0x00007fff6328e000 	C:\WINDOWS\System32\msvcrt.dll
0x00007fff623b0000 - 0x00007fff623e0000 	C:\WINDOWS\System32\IMM32.DLL
0x00007ffefba20000 - 0x00007ffefbabd000 	C:\Program Files\Android\Android Studio\jre\bin\msvcp140.dll
0x00007ffef5870000 - 0x00007ffef633f000 	C:\Program Files\Android\Android Studio\jre\bin\server\jvm.dll
0x00007fff62db0000 - 0x00007fff62e5e000 	C:\WINDOWS\System32\ADVAPI32.dll
0x00007fff623e0000 - 0x00007fff6247c000 	C:\WINDOWS\System32\sechost.dll
0x00007fff62480000 - 0x00007fff625a6000 	C:\WINDOWS\System32\RPCRT4.dll
0x00007fff61350000 - 0x00007fff61358000 	C:\WINDOWS\System32\PSAPI.DLL
0x00007fff40bf0000 - 0x00007fff40bf9000 	C:\WINDOWS\SYSTEM32\WSOCK32.dll
0x00007fff61890000 - 0x00007fff618fb000 	C:\WINDOWS\System32\WS2_32.dll
0x00007fff47370000 - 0x00007fff47397000 	C:\WINDOWS\SYSTEM32\WINMM.dll
0x00007fff514a0000 - 0x00007fff514aa000 	C:\WINDOWS\SYSTEM32\VERSION.dll
0x00007fff5e860000 - 0x00007fff5e872000 	C:\WINDOWS\SYSTEM32\kernel.appcore.dll
0x00007ffefba00000 - 0x00007ffefba11000 	C:\Program Files\Android\Android Studio\jre\bin\verify.dll
0x00007fff4eb80000 - 0x00007fff4ed64000 	C:\WINDOWS\SYSTEM32\DBGHELP.DLL
0x00007fff4e800000 - 0x00007fff4e834000 	C:\WINDOWS\SYSTEM32\dbgcore.DLL
0x00007fff61110000 - 0x00007fff61192000 	C:\WINDOWS\System32\bcryptPrimitives.dll
0x00007ffefb9d0000 - 0x00007ffefb9f9000 	C:\Program Files\Android\Android Studio\jre\bin\java.dll
0x00007fff405c0000 - 0x00007fff405cb000 	C:\Program Files\Android\Android Studio\jre\bin\jimage.dll
0x00007ffefb9b0000 - 0x00007ffefb9c8000 	C:\Program Files\Android\Android Studio\jre\bin\zip.dll
0x00007fff61c00000 - 0x00007fff62345000 	C:\WINDOWS\System32\SHELL32.dll
0x00007fff5ea60000 - 0x00007fff5f1fb000 	C:\WINDOWS\SYSTEM32\windows.storage.dll
0x00007fff62e60000 - 0x00007fff631b4000 	C:\WINDOWS\System32\combase.dll
0x00007fff60320000 - 0x00007fff6034e000 	C:\WINDOWS\SYSTEM32\Wldp.dll
0x00007fff62c50000 - 0x00007fff62cfd000 	C:\WINDOWS\System32\SHCORE.dll
0x00007fff61360000 - 0x00007fff613b5000 	C:\WINDOWS\System32\shlwapi.dll
0x00007fff608e0000 - 0x00007fff60905000 	C:\WINDOWS\SYSTEM32\profapi.dll
0x00007ffefb530000 - 0x00007ffefb54a000 	C:\Program Files\Android\Android Studio\jre\bin\net.dll
0x00007fff59d20000 - 0x00007fff59e2a000 	C:\WINDOWS\SYSTEM32\WINHTTP.dll
0x00007fff60080000 - 0x00007fff600ea000 	C:\WINDOWS\system32\mswsock.dll
0x00007ffefb3d0000 - 0x00007ffefb3e4000 	C:\Program Files\Android\Android Studio\jre\bin\nio.dll
0x00007ffefbd00000 - 0x00007ffefbd27000 	C:\Users\7skiessolutions\.gradle\native\e1d6ef7f7dcc3fd88c89a11ec53ec762bb8ba0a96d01ffa2cd45eb1d1d8dd5c5\windows-amd64\native-platform.dll
0x00007ffefbbb0000 - 0x00007ffefbcf4000 	C:\Users\7skiessolutions\.gradle\native\0d407fdbe67a94daf76414ababcb853783967236a71b16ec16e742cd7a986fd3\windows-amd64\native-platform-file-events.dll
0x00007fff3cc20000 - 0x00007fff3cc2a000 	C:\Program Files\Android\Android Studio\jre\bin\management.dll
0x00007fff3bd60000 - 0x00007fff3bd6c000 	C:\Program Files\Android\Android Studio\jre\bin\management_ext.dll
0x00007fff60280000 - 0x00007fff60298000 	C:\WINDOWS\SYSTEM32\CRYPTSP.dll
0x00007fff5f990000 - 0x00007fff5f9c4000 	C:\WINDOWS\system32\rsaenh.dll
0x00007fff609b0000 - 0x00007fff609d7000 	C:\WINDOWS\System32\bcrypt.dll
0x00007fff608a0000 - 0x00007fff608ce000 	C:\WINDOWS\SYSTEM32\USERENV.dll
0x00007fff60270000 - 0x00007fff6027c000 	C:\WINDOWS\SYSTEM32\CRYPTBASE.dll
0x00007fff5fd70000 - 0x00007fff5fdab000 	C:\WINDOWS\SYSTEM32\IPHLPAPI.DLL
0x00007fff61aa0000 - 0x00007fff61aa8000 	C:\WINDOWS\System32\NSI.dll
0x00007fff5a780000 - 0x00007fff5a797000 	C:\WINDOWS\SYSTEM32\dhcpcsvc6.DLL
0x00007fff5a760000 - 0x00007fff5a77d000 	C:\WINDOWS\SYSTEM32\dhcpcsvc.DLL
0x00007fff5fdb0000 - 0x00007fff5fe7a000 	C:\WINDOWS\SYSTEM32\DNSAPI.dll

dbghelp: loaded successfully - version: 4.0.5 - missing functions: none
symbol engine: initialized successfully - sym options: 0x614 - pdb path: .;C:\Program Files\Android\Android Studio\jre\bin;C:\WINDOWS\SYSTEM32;C:\WINDOWS\WinSxS\amd64_microsoft.windows.common-controls_6595b64144ccf1df_6.0.19041.1110_none_60b5254171f9507e;C:\Program Files\Android\Android Studio\jre\bin\server;C:\Users\7skiessolutions\.gradle\native\e1d6ef7f7dcc3fd88c89a11ec53ec762bb8ba0a96d01ffa2cd45eb1d1d8dd5c5\windows-amd64;C:\Users\7skiessolutions\.gradle\native\0d407fdbe67a94daf76414ababcb853783967236a71b16ec16e742cd7a986fd3\windows-amd64

VM Arguments:
jvm_args: --add-opens=java.base/java.util=ALL-UNNAMED --add-opens=java.base/java.lang=ALL-UNNAMED --add-opens=java.base/java.lang.invoke=ALL-UNNAMED --add-opens=java.base/java.util=ALL-UNNAMED --add-opens=java.prefs/java.util.prefs=ALL-UNNAMED --add-opens=java.prefs/java.util.prefs=ALL-UNNAMED --add-opens=java.base/java.nio.charset=ALL-UNNAMED --add-opens=java.base/java.net=ALL-UNNAMED --add-opens=java.base/java.util.concurrent.atomic=ALL-UNNAMED -Xmx1536M -Dfile.encoding=windows-1252 -Duser.country=US -Duser.language=en -Duser.variant 
java_command: org.gradle.launcher.daemon.bootstrap.GradleDaemon 7.5
java_class_path (initial): C:\Users\7skiessolutions\.gradle\wrapper\dists\gradle-7.5-all\6qsw290k5lz422uaf8jf6m7co\gradle-7.5\lib\gradle-launcher-7.5.jar
Launcher Type: SUN_STANDARD

[Global flags]
     intx CICompilerCount                          = 3                                         {product} {ergonomic}
     uint ConcGCThreads                            = 1                                         {product} {ergonomic}
     uint G1ConcRefinementThreads                  = 4                                         {product} {ergonomic}
   size_t G1HeapRegionSize                         = 1048576                                   {product} {ergonomic}
    uintx GCDrainStackTargetSize                   = 64                                        {product} {ergonomic}
   size_t InitialHeapSize                          = 201326592                                 {product} {ergonomic}
   size_t MarkStackSize                            = 4194304                                   {product} {ergonomic}
   size_t MaxHeapSize                              = 1610612736                                {product} {command line}
   size_t MaxNewSize                               = 965738496                                 {product} {ergonomic}
   size_t MinHeapDeltaBytes                        = 1048576                                   {product} {ergonomic}
    uintx NonNMethodCodeHeapSize                   = 5830732                                {pd product} {ergonomic}
    uintx NonProfiledCodeHeapSize                  = 122913754                              {pd product} {ergonomic}
    uintx ProfiledCodeHeapSize                     = 122913754                              {pd product} {ergonomic}
    uintx ReservedCodeCacheSize                    = 251658240                              {pd product} {ergonomic}
     bool SegmentedCodeCache                       = true                                      {product} {ergonomic}
     bool UseCompressedClassPointers               = true                                 {lp64_product} {ergonomic}
     bool UseCompressedOops                        = true                                 {lp64_product} {ergonomic}
     bool UseG1GC                                  = true                                      {product} {ergonomic}
     bool UseLargePagesIndividualAllocation        = false                                  {pd product} {ergonomic}

Logging:
Log output configuration:
 #0: stdout all=warning uptime,level,tags
 #1: stderr all=off uptime,level,tags

Environment Variables:
JAVA_HOME=C:\Program Files\Android\Android Studio\jre
CLASSPATH=G:\projects\Snabb_Business\android\\gradle\wrapper\gradle-wrapper.jar
PATH=C:\Program Files\Common Files\Oracle\Java\javapath;C:\WINDOWS\system32;C:\WINDOWS;C:\WINDOWS\System32\Wbem;C:\WINDOWS\System32\WindowsPowerShell\v1.0\;C:\Program Files\Git\cmd;C:\flutter\bin;C:\dart\bin;C:\WINDOWS\System32\OpenSSH\;;C:\Users\7skiessolutions\AppData\Local\Programs\Microsoft VS Code\bin;C:\Users\7skiessolutions\AppData\Local\Microsoft\WindowsApps;C:\flutter\bin\mingit\cmd
USERNAME=7skiessolutions
OS=Windows_NT
PROCESSOR_IDENTIFIER=Intel64 Family 6 Model 60 Stepping 3, GenuineIntel



---------------  S Y S T E M  ---------------

OS: Windows 10 , 64 bit Build 19041 (10.0.19041.3393)
OS uptime: 1 days 1:40 hours

CPU:total 4 (initial active 4) (4 cores per cpu, 1 threads per core) family 6 model 60 stepping 3 microcode 0x27, cmov, cx8, fxsr, mmx, sse, sse2, sse3, ssse3, sse4.1, sse4.2, popcnt, avx, avx2, aes, clmul, erms, lzcnt, tsc, tscinvbit, bmi1, bmi2, fma

Memory: 4k page, system-wide physical 12165M (1567M free)
TotalPageFile size 26339M (AvailPageFile size 14M)
current process WorkingSet (physical memory assigned to process): 253M, peak: 254M
current process commit charge ("private bytes"): 341M, peak: 342M

vm_info: OpenJDK 64-Bit Server VM (11.0.10+0-b96-7249189) for windows-amd64 JRE (11.0.10+0-b96-7249189), built on Mar 31 2021 21:44:00 by "builder" with MS VC++ 14.0 (VS2015)

END.
